2022-10-22 06:59:13,068 P9059 INFO {
    "batch_norm": "False",
    "batch_size": "1024",
    "data_format": "csv",
    "data_root": "../data/",
    "dataset_id": "yelp_no_feature_3d3ae056",
    "debug": "False",
    "embedding_dim": "8",
    "embedding_regularizer": "0",
    "epochs": "50",
    "every_x_epochs": "1",
    "feature_cols": "[{'active': True, 'dtype': 'str', 'name': ['user_id', 'business_id'], 'type': 'categorical'}]",
    "gpu": "0",
    "hidden_activations": "relu",
    "hidden_units": "[400, 400, 400]",
    "label_col": "{'dtype': 'float', 'name': 'target'}",
    "learning_rate": "0.001",
    "loss": "binary_crossentropy",
    "metrics": "['logloss', 'AUC']",
    "min_categr_count": "1",
    "model": "DeepFM",
    "model_id": "DeepFM_yelp_no_feature_006_b4d6abb6",
    "model_root": "../models/",
    "monitor": "{'AUC': 1, 'logloss': -1}",
    "monitor_mode": "max",
    "net_dropout": "0",
    "net_regularizer": "0",
    "num_workers": "3",
    "optimizer": "adam",
    "patience": "2",
    "pickle_feature_encoder": "True",
    "save_best_only": "True",
    "seed": "2019",
    "shuffle": "True",
    "task": "binary_classification",
    "train_data": "../data/train.csv",
    "use_hdf5": "True",
    "valid_data": "../data/valid.csv",
    "verbose": "1",
    "version": "pytorch"
}
2022-10-22 06:59:13,070 P9059 INFO Set up feature encoder...
2022-10-22 06:59:13,070 P9059 INFO Load feature_map from json: ../data/yelp_no_feature_3d3ae056/feature_map.json
2022-10-22 06:59:13,071 P9059 INFO Loading data...
2022-10-22 06:59:13,075 P9059 INFO Loading data from h5: ../data/yelp_no_feature_3d3ae056/train.h5
2022-10-22 06:59:13,183 P9059 INFO Loading data from h5: ../data/yelp_no_feature_3d3ae056/valid.h5
2022-10-22 06:59:13,216 P9059 INFO Train samples: total/684064, pos/472869, neg/211195, ratio/69.13%, blocks/1
2022-10-22 06:59:13,216 P9059 INFO Validation samples: total/171016, pos/118244, neg/52772, ratio/69.14%, blocks/1
2022-10-22 06:59:13,216 P9059 INFO Loading train data done.
2022-10-22 06:59:15,672 P9059 INFO Total number of parameters: 2354288.
2022-10-22 06:59:15,673 P9059 INFO Start training: 669 batches/epoch
2022-10-22 06:59:15,673 P9059 INFO ************ Epoch=1 start ************
2022-10-22 06:59:21,971 P9059 INFO [Metrics] logloss: 0.534174 - AUC: 0.742810
2022-10-22 06:59:21,971 P9059 INFO Save best model: monitor(max): 0.208636
2022-10-22 06:59:22,088 P9059 INFO --- 669/669 batches finished ---
2022-10-22 06:59:22,122 P9059 INFO Train loss: 0.552431
2022-10-22 06:59:22,122 P9059 INFO ************ Epoch=1 end ************
2022-10-22 06:59:27,299 P9059 INFO [Metrics] logloss: 0.548555 - AUC: 0.731809
2022-10-22 06:59:27,300 P9059 INFO Monitor(max) STOP: 0.183254 !
2022-10-22 06:59:27,300 P9059 INFO Reduce learning rate on plateau: 0.000100
2022-10-22 06:59:27,300 P9059 INFO --- 669/669 batches finished ---
2022-10-22 06:59:27,337 P9059 INFO Train loss: 0.446457
2022-10-22 06:59:27,337 P9059 INFO ************ Epoch=2 end ************
2022-10-22 06:59:32,448 P9059 INFO [Metrics] logloss: 0.645509 - AUC: 0.705703
2022-10-22 06:59:32,448 P9059 INFO Monitor(max) STOP: 0.060194 !
2022-10-22 06:59:32,448 P9059 INFO Reduce learning rate on plateau: 0.000010
2022-10-22 06:59:32,448 P9059 INFO Early stopping at epoch=3
2022-10-22 06:59:32,449 P9059 INFO --- 669/669 batches finished ---
2022-10-22 06:59:32,488 P9059 INFO Train loss: 0.376300
2022-10-22 06:59:32,488 P9059 INFO Training finished.
2022-10-22 06:59:32,488 P9059 INFO Load best model: /root/w210_proj/deepfm/models/yelp_no_feature_3d3ae056/DeepFM_yelp_no_feature_006_b4d6abb6.model
2022-10-22 06:59:32,560 P9059 INFO ****** Validation evaluation ******
2022-10-22 06:59:35,392 P9059 INFO [Metrics] logloss: 0.460404 - AUC: 0.839602
2022-10-22 06:59:36,228 P9059 INFO [Metrics] logloss: 0.534174 - AUC: 0.742810
2022-10-22 06:59:36,304 P9059 INFO ******** Test evaluation ********
2022-10-22 06:59:36,304 P9059 INFO Loading data...
2022-10-22 06:59:36,305 P9059 INFO Loading test data done.
