2022-10-22 06:57:38,033 P3721 INFO {
    "batch_norm": "True",
    "batch_size": "1024",
    "data_format": "csv",
    "data_root": "../data/",
    "dataset_id": "yelp_no_feature_3d3ae056",
    "debug": "False",
    "embedding_dim": "16",
    "embedding_regularizer": "0",
    "epochs": "50",
    "every_x_epochs": "1",
    "feature_cols": "[{'active': True, 'dtype': 'str', 'name': ['user_id', 'business_id'], 'type': 'categorical'}]",
    "gpu": "0",
    "hidden_activations": "relu",
    "hidden_units": "[400, 400, 400]",
    "label_col": "{'dtype': 'float', 'name': 'target'}",
    "learning_rate": "0.001",
    "loss": "binary_crossentropy",
    "metrics": "['logloss', 'AUC']",
    "min_categr_count": "1",
    "model": "DeepFM",
    "model_id": "DeepFM_yelp_no_feature_003_872d8bf1",
    "model_root": "../models/",
    "monitor": "{'AUC': 1, 'logloss': -1}",
    "monitor_mode": "max",
    "net_dropout": "0.03",
    "net_regularizer": "0",
    "num_workers": "3",
    "optimizer": "adam",
    "patience": "2",
    "pickle_feature_encoder": "True",
    "save_best_only": "True",
    "seed": "2019",
    "shuffle": "True",
    "task": "binary_classification",
    "train_data": "../data/train.csv",
    "use_hdf5": "True",
    "valid_data": "../data/valid.csv",
    "verbose": "1",
    "version": "pytorch"
}
2022-10-22 06:57:38,035 P3721 INFO Set up feature encoder...
2022-10-22 06:57:38,035 P3721 INFO Load feature_map from json: ../data/yelp_no_feature_3d3ae056/feature_map.json
2022-10-22 06:57:38,036 P3721 INFO Loading data...
2022-10-22 06:57:38,040 P3721 INFO Loading data from h5: ../data/yelp_no_feature_3d3ae056/train.h5
2022-10-22 06:57:38,143 P3721 INFO Loading data from h5: ../data/yelp_no_feature_3d3ae056/valid.h5
2022-10-22 06:57:38,180 P3721 INFO Train samples: total/684064, pos/472869, neg/211195, ratio/69.13%, blocks/1
2022-10-22 06:57:38,181 P3721 INFO Validation samples: total/171016, pos/118244, neg/52772, ratio/69.14%, blocks/1
2022-10-22 06:57:38,181 P3721 INFO Loading train data done.
2022-10-22 06:57:40,694 P3721 INFO Total number of parameters: 4164232.
2022-10-22 06:57:40,694 P3721 INFO Start training: 669 batches/epoch
2022-10-22 06:57:40,694 P3721 INFO ************ Epoch=1 start ************
2022-10-22 06:57:48,999 P3721 INFO [Metrics] logloss: 0.540330 - AUC: 0.735822
2022-10-22 06:57:48,999 P3721 INFO Save best model: monitor(max): 0.195492
2022-10-22 06:57:49,153 P3721 INFO --- 669/669 batches finished ---
2022-10-22 06:57:49,181 P3721 INFO Train loss: 0.563807
2022-10-22 06:57:49,182 P3721 INFO ************ Epoch=1 end ************
2022-10-22 06:57:55,860 P3721 INFO [Metrics] logloss: 0.563039 - AUC: 0.719561
2022-10-22 06:57:55,860 P3721 INFO Monitor(max) STOP: 0.156522 !
2022-10-22 06:57:55,860 P3721 INFO Reduce learning rate on plateau: 0.000100
2022-10-22 06:57:55,861 P3721 INFO --- 669/669 batches finished ---
2022-10-22 06:57:55,899 P3721 INFO Train loss: 0.441180
2022-10-22 06:57:55,899 P3721 INFO ************ Epoch=2 end ************
2022-10-22 06:58:02,522 P3721 INFO [Metrics] logloss: 0.713828 - AUC: 0.700957
2022-10-22 06:58:02,523 P3721 INFO Monitor(max) STOP: -0.012871 !
2022-10-22 06:58:02,523 P3721 INFO Reduce learning rate on plateau: 0.000010
2022-10-22 06:58:02,523 P3721 INFO Early stopping at epoch=3
2022-10-22 06:58:02,523 P3721 INFO --- 669/669 batches finished ---
2022-10-22 06:58:02,563 P3721 INFO Train loss: 0.270052
2022-10-22 06:58:02,563 P3721 INFO Training finished.
2022-10-22 06:58:02,563 P3721 INFO Load best model: /root/w210_proj/deepfm/models/yelp_no_feature_3d3ae056/DeepFM_yelp_no_feature_003_872d8bf1.model
2022-10-22 06:58:02,580 P3721 INFO ****** Validation evaluation ******
2022-10-22 06:58:05,545 P3721 INFO [Metrics] logloss: 0.458991 - AUC: 0.841284
2022-10-22 06:58:06,407 P3721 INFO [Metrics] logloss: 0.540330 - AUC: 0.735822
2022-10-22 06:58:06,493 P3721 INFO ******** Test evaluation ********
2022-10-22 06:58:06,493 P3721 INFO Loading data...
2022-10-22 06:58:06,494 P3721 INFO Loading test data done.
