2022-10-22 07:02:53,368 P21365 INFO {
    "batch_norm": "True",
    "batch_size": "1024",
    "data_format": "csv",
    "data_root": "../data/",
    "dataset_id": "yelp_no_feature_3d3ae056",
    "debug": "False",
    "embedding_dim": "8",
    "embedding_regularizer": "0.01",
    "epochs": "50",
    "every_x_epochs": "1",
    "feature_cols": "[{'active': True, 'dtype': 'str', 'name': ['user_id', 'business_id'], 'type': 'categorical'}]",
    "gpu": "0",
    "hidden_activations": "relu",
    "hidden_units": "[400, 400, 400]",
    "label_col": "{'dtype': 'float', 'name': 'target'}",
    "learning_rate": "0.001",
    "loss": "binary_crossentropy",
    "metrics": "['logloss', 'AUC']",
    "min_categr_count": "1",
    "model": "DeepFM",
    "model_id": "DeepFM_yelp_no_feature_012_ad4e16bc",
    "model_root": "../models/",
    "monitor": "{'AUC': 1, 'logloss': -1}",
    "monitor_mode": "max",
    "net_dropout": "0.03",
    "net_regularizer": "0",
    "num_workers": "3",
    "optimizer": "adam",
    "patience": "2",
    "pickle_feature_encoder": "True",
    "save_best_only": "True",
    "seed": "2019",
    "shuffle": "True",
    "task": "binary_classification",
    "train_data": "../data/train.csv",
    "use_hdf5": "True",
    "valid_data": "../data/valid.csv",
    "verbose": "1",
    "version": "pytorch"
}
2022-10-22 07:02:53,369 P21365 INFO Set up feature encoder...
2022-10-22 07:02:53,370 P21365 INFO Load feature_map from json: ../data/yelp_no_feature_3d3ae056/feature_map.json
2022-10-22 07:02:53,371 P21365 INFO Loading data...
2022-10-22 07:02:53,375 P21365 INFO Loading data from h5: ../data/yelp_no_feature_3d3ae056/train.h5
2022-10-22 07:02:53,476 P21365 INFO Loading data from h5: ../data/yelp_no_feature_3d3ae056/valid.h5
2022-10-22 07:02:53,512 P21365 INFO Train samples: total/684064, pos/472869, neg/211195, ratio/69.13%, blocks/1
2022-10-22 07:02:53,512 P21365 INFO Validation samples: total/171016, pos/118244, neg/52772, ratio/69.14%, blocks/1
2022-10-22 07:02:53,512 P21365 INFO Loading train data done.
2022-10-22 07:02:55,962 P21365 INFO Total number of parameters: 2356688.
2022-10-22 07:02:55,962 P21365 INFO Start training: 669 batches/epoch
2022-10-22 07:02:55,962 P21365 INFO ************ Epoch=1 start ************
2022-10-22 07:03:04,569 P21365 INFO [Metrics] logloss: 0.561457 - AUC: 0.706266
2022-10-22 07:03:04,570 P21365 INFO Save best model: monitor(max): 0.144809
2022-10-22 07:03:04,675 P21365 INFO --- 669/669 batches finished ---
2022-10-22 07:03:04,720 P21365 INFO Train loss: 0.671347
2022-10-22 07:03:04,720 P21365 INFO ************ Epoch=1 end ************
2022-10-22 07:03:11,875 P21365 INFO [Metrics] logloss: 0.553096 - AUC: 0.718158
2022-10-22 07:03:11,875 P21365 INFO Save best model: monitor(max): 0.165062
2022-10-22 07:03:12,009 P21365 INFO --- 669/669 batches finished ---
2022-10-22 07:03:12,061 P21365 INFO Train loss: 0.716853
2022-10-22 07:03:12,062 P21365 INFO ************ Epoch=2 end ************
2022-10-22 07:03:18,867 P21365 INFO [Metrics] logloss: 0.568732 - AUC: 0.699830
2022-10-22 07:03:18,868 P21365 INFO Monitor(max) STOP: 0.131098 !
2022-10-22 07:03:18,868 P21365 INFO Reduce learning rate on plateau: 0.000100
2022-10-22 07:03:18,868 P21365 INFO --- 669/669 batches finished ---
2022-10-22 07:03:18,916 P21365 INFO Train loss: 0.844030
2022-10-22 07:03:18,916 P21365 INFO ************ Epoch=3 end ************
2022-10-22 07:03:25,993 P21365 INFO [Metrics] logloss: 0.577149 - AUC: 0.714923
2022-10-22 07:03:25,993 P21365 INFO Monitor(max) STOP: 0.137774 !
2022-10-22 07:03:25,994 P21365 INFO Reduce learning rate on plateau: 0.000010
2022-10-22 07:03:25,994 P21365 INFO Early stopping at epoch=4
2022-10-22 07:03:25,994 P21365 INFO --- 669/669 batches finished ---
2022-10-22 07:03:26,047 P21365 INFO Train loss: 0.796271
2022-10-22 07:03:26,047 P21365 INFO Training finished.
2022-10-22 07:03:26,047 P21365 INFO Load best model: /root/w210_proj/deepfm/models/yelp_no_feature_3d3ae056/DeepFM_yelp_no_feature_012_ad4e16bc.model
2022-10-22 07:03:26,148 P21365 INFO ****** Validation evaluation ******
2022-10-22 07:03:29,034 P21365 INFO [Metrics] logloss: 0.506070 - AUC: 0.790148
2022-10-22 07:03:29,916 P21365 INFO [Metrics] logloss: 0.553096 - AUC: 0.718158
2022-10-22 07:03:29,994 P21365 INFO ******** Test evaluation ********
2022-10-22 07:03:29,995 P21365 INFO Loading data...
2022-10-22 07:03:29,996 P21365 INFO Loading test data done.
