2022-10-22 06:58:13,085 P5501 INFO {
    "batch_norm": "True",
    "batch_size": "1024",
    "data_format": "csv",
    "data_root": "../data/",
    "dataset_id": "yelp_no_feature_3d3ae056",
    "debug": "False",
    "embedding_dim": "8",
    "embedding_regularizer": "0",
    "epochs": "50",
    "every_x_epochs": "1",
    "feature_cols": "[{'active': True, 'dtype': 'str', 'name': ['user_id', 'business_id'], 'type': 'categorical'}]",
    "gpu": "0",
    "hidden_activations": "relu",
    "hidden_units": "[400, 400, 400]",
    "label_col": "{'dtype': 'float', 'name': 'target'}",
    "learning_rate": "0.001",
    "loss": "binary_crossentropy",
    "metrics": "['logloss', 'AUC']",
    "min_categr_count": "1",
    "model": "DeepFM",
    "model_id": "DeepFM_yelp_no_feature_004_75d98b21",
    "model_root": "../models/",
    "monitor": "{'AUC': 1, 'logloss': -1}",
    "monitor_mode": "max",
    "net_dropout": "0.03",
    "net_regularizer": "0",
    "num_workers": "3",
    "optimizer": "adam",
    "patience": "2",
    "pickle_feature_encoder": "True",
    "save_best_only": "True",
    "seed": "2019",
    "shuffle": "True",
    "task": "binary_classification",
    "train_data": "../data/train.csv",
    "use_hdf5": "True",
    "valid_data": "../data/valid.csv",
    "verbose": "1",
    "version": "pytorch"
}
2022-10-22 06:58:13,087 P5501 INFO Set up feature encoder...
2022-10-22 06:58:13,087 P5501 INFO Load feature_map from json: ../data/yelp_no_feature_3d3ae056/feature_map.json
2022-10-22 06:58:13,089 P5501 INFO Loading data...
2022-10-22 06:58:13,092 P5501 INFO Loading data from h5: ../data/yelp_no_feature_3d3ae056/train.h5
2022-10-22 06:58:13,195 P5501 INFO Loading data from h5: ../data/yelp_no_feature_3d3ae056/valid.h5
2022-10-22 06:58:13,230 P5501 INFO Train samples: total/684064, pos/472869, neg/211195, ratio/69.13%, blocks/1
2022-10-22 06:58:13,230 P5501 INFO Validation samples: total/171016, pos/118244, neg/52772, ratio/69.14%, blocks/1
2022-10-22 06:58:13,230 P5501 INFO Loading train data done.
2022-10-22 06:58:15,679 P5501 INFO Total number of parameters: 2356688.
2022-10-22 06:58:15,679 P5501 INFO Start training: 669 batches/epoch
2022-10-22 06:58:15,679 P5501 INFO ************ Epoch=1 start ************
2022-10-22 06:58:23,634 P5501 INFO [Metrics] logloss: 0.543824 - AUC: 0.727937
2022-10-22 06:58:23,634 P5501 INFO Save best model: monitor(max): 0.184113
2022-10-22 06:58:23,751 P5501 INFO --- 669/669 batches finished ---
2022-10-22 06:58:23,788 P5501 INFO Train loss: 0.565893
2022-10-22 06:58:23,788 P5501 INFO ************ Epoch=1 end ************
2022-10-22 06:58:30,338 P5501 INFO [Metrics] logloss: 0.562368 - AUC: 0.721005
2022-10-22 06:58:30,338 P5501 INFO Monitor(max) STOP: 0.158636 !
2022-10-22 06:58:30,338 P5501 INFO Reduce learning rate on plateau: 0.000100
2022-10-22 06:58:30,339 P5501 INFO --- 669/669 batches finished ---
2022-10-22 06:58:30,382 P5501 INFO Train loss: 0.453899
2022-10-22 06:58:30,382 P5501 INFO ************ Epoch=2 end ************
2022-10-22 06:58:36,765 P5501 INFO [Metrics] logloss: 0.678026 - AUC: 0.706543
2022-10-22 06:58:36,765 P5501 INFO Monitor(max) STOP: 0.028517 !
2022-10-22 06:58:36,765 P5501 INFO Reduce learning rate on plateau: 0.000010
2022-10-22 06:58:36,766 P5501 INFO Early stopping at epoch=3
2022-10-22 06:58:36,766 P5501 INFO --- 669/669 batches finished ---
2022-10-22 06:58:36,810 P5501 INFO Train loss: 0.330038
2022-10-22 06:58:36,810 P5501 INFO Training finished.
2022-10-22 06:58:36,810 P5501 INFO Load best model: /root/w210_proj/deepfm/models/yelp_no_feature_3d3ae056/DeepFM_yelp_no_feature_004_75d98b21.model
2022-10-22 06:58:36,885 P5501 INFO ****** Validation evaluation ******
2022-10-22 06:58:39,905 P5501 INFO [Metrics] logloss: 0.471646 - AUC: 0.830331
2022-10-22 06:58:40,764 P5501 INFO [Metrics] logloss: 0.543824 - AUC: 0.727937
2022-10-22 06:58:40,834 P5501 INFO ******** Test evaluation ********
2022-10-22 06:58:40,834 P5501 INFO Loading data...
2022-10-22 06:58:40,836 P5501 INFO Loading test data done.
