2022-10-22 07:02:03,285 P18776 INFO {
    "batch_norm": "True",
    "batch_size": "1024",
    "data_format": "csv",
    "data_root": "../data/",
    "dataset_id": "yelp_no_feature_3d3ae056",
    "debug": "False",
    "embedding_dim": "16",
    "embedding_regularizer": "0.01",
    "epochs": "50",
    "every_x_epochs": "1",
    "feature_cols": "[{'active': True, 'dtype': 'str', 'name': ['user_id', 'business_id'], 'type': 'categorical'}]",
    "gpu": "0",
    "hidden_activations": "relu",
    "hidden_units": "[400, 400, 400]",
    "label_col": "{'dtype': 'float', 'name': 'target'}",
    "learning_rate": "0.001",
    "loss": "binary_crossentropy",
    "metrics": "['logloss', 'AUC']",
    "min_categr_count": "1",
    "model": "DeepFM",
    "model_id": "DeepFM_yelp_no_feature_011_5fe39b7b",
    "model_root": "../models/",
    "monitor": "{'AUC': 1, 'logloss': -1}",
    "monitor_mode": "max",
    "net_dropout": "0.03",
    "net_regularizer": "0",
    "num_workers": "3",
    "optimizer": "adam",
    "patience": "2",
    "pickle_feature_encoder": "True",
    "save_best_only": "True",
    "seed": "2019",
    "shuffle": "True",
    "task": "binary_classification",
    "train_data": "../data/train.csv",
    "use_hdf5": "True",
    "valid_data": "../data/valid.csv",
    "verbose": "1",
    "version": "pytorch"
}
2022-10-22 07:02:03,287 P18776 INFO Set up feature encoder...
2022-10-22 07:02:03,287 P18776 INFO Load feature_map from json: ../data/yelp_no_feature_3d3ae056/feature_map.json
2022-10-22 07:02:03,288 P18776 INFO Loading data...
2022-10-22 07:02:03,291 P18776 INFO Loading data from h5: ../data/yelp_no_feature_3d3ae056/train.h5
2022-10-22 07:02:03,390 P18776 INFO Loading data from h5: ../data/yelp_no_feature_3d3ae056/valid.h5
2022-10-22 07:02:03,426 P18776 INFO Train samples: total/684064, pos/472869, neg/211195, ratio/69.13%, blocks/1
2022-10-22 07:02:03,426 P18776 INFO Validation samples: total/171016, pos/118244, neg/52772, ratio/69.14%, blocks/1
2022-10-22 07:02:03,426 P18776 INFO Loading train data done.
2022-10-22 07:02:05,950 P18776 INFO Total number of parameters: 4164232.
2022-10-22 07:02:05,950 P18776 INFO Start training: 669 batches/epoch
2022-10-22 07:02:05,950 P18776 INFO ************ Epoch=1 start ************
2022-10-22 07:02:14,875 P18776 INFO [Metrics] logloss: 0.554375 - AUC: 0.714666
2022-10-22 07:02:14,875 P18776 INFO Save best model: monitor(max): 0.160291
2022-10-22 07:02:15,018 P18776 INFO --- 669/669 batches finished ---
2022-10-22 07:02:15,066 P18776 INFO Train loss: 0.705707
2022-10-22 07:02:15,066 P18776 INFO ************ Epoch=1 end ************
2022-10-22 07:02:22,378 P18776 INFO [Metrics] logloss: 0.553752 - AUC: 0.717348
2022-10-22 07:02:22,379 P18776 INFO Save best model: monitor(max): 0.163596
2022-10-22 07:02:22,554 P18776 INFO --- 669/669 batches finished ---
2022-10-22 07:02:22,600 P18776 INFO Train loss: 0.715261
2022-10-22 07:02:22,600 P18776 INFO ************ Epoch=2 end ************
2022-10-22 07:02:29,848 P18776 INFO [Metrics] logloss: 0.550206 - AUC: 0.719205
2022-10-22 07:02:29,848 P18776 INFO Save best model: monitor(max): 0.168999
2022-10-22 07:02:30,019 P18776 INFO --- 669/669 batches finished ---
2022-10-22 07:02:30,068 P18776 INFO Train loss: 0.838755
2022-10-22 07:02:30,069 P18776 INFO ************ Epoch=3 end ************
2022-10-22 07:02:37,284 P18776 INFO [Metrics] logloss: 0.553876 - AUC: 0.713163
2022-10-22 07:02:37,284 P18776 INFO Monitor(max) STOP: 0.159287 !
2022-10-22 07:02:37,284 P18776 INFO Reduce learning rate on plateau: 0.000100
2022-10-22 07:02:37,285 P18776 INFO --- 669/669 batches finished ---
2022-10-22 07:02:37,330 P18776 INFO Train loss: 0.975773
2022-10-22 07:02:37,330 P18776 INFO ************ Epoch=4 end ************
2022-10-22 07:02:44,573 P18776 INFO [Metrics] logloss: 0.571596 - AUC: 0.719633
2022-10-22 07:02:44,574 P18776 INFO Monitor(max) STOP: 0.148037 !
2022-10-22 07:02:44,574 P18776 INFO Reduce learning rate on plateau: 0.000010
2022-10-22 07:02:44,574 P18776 INFO Early stopping at epoch=5
2022-10-22 07:02:44,574 P18776 INFO --- 669/669 batches finished ---
2022-10-22 07:02:44,620 P18776 INFO Train loss: 0.921608
2022-10-22 07:02:44,620 P18776 INFO Training finished.
2022-10-22 07:02:44,620 P18776 INFO Load best model: /root/w210_proj/deepfm/models/yelp_no_feature_3d3ae056/DeepFM_yelp_no_feature_011_5fe39b7b.model
2022-10-22 07:02:44,638 P18776 INFO ****** Validation evaluation ******
2022-10-22 07:02:47,607 P18776 INFO [Metrics] logloss: 0.510343 - AUC: 0.780610
2022-10-22 07:02:48,508 P18776 INFO [Metrics] logloss: 0.550206 - AUC: 0.719205
2022-10-22 07:02:48,579 P18776 INFO ******** Test evaluation ********
2022-10-22 07:02:48,579 P18776 INFO Loading data...
2022-10-22 07:02:48,580 P18776 INFO Loading test data done.
