2022-10-22 06:58:43,103 P7280 INFO {
    "batch_norm": "False",
    "batch_size": "1024",
    "data_format": "csv",
    "data_root": "../data/",
    "dataset_id": "yelp_no_feature_3d3ae056",
    "debug": "False",
    "embedding_dim": "16",
    "embedding_regularizer": "0",
    "epochs": "50",
    "every_x_epochs": "1",
    "feature_cols": "[{'active': True, 'dtype': 'str', 'name': ['user_id', 'business_id'], 'type': 'categorical'}]",
    "gpu": "0",
    "hidden_activations": "relu",
    "hidden_units": "[400, 400, 400]",
    "label_col": "{'dtype': 'float', 'name': 'target'}",
    "learning_rate": "0.001",
    "loss": "binary_crossentropy",
    "metrics": "['logloss', 'AUC']",
    "min_categr_count": "1",
    "model": "DeepFM",
    "model_id": "DeepFM_yelp_no_feature_005_4e6db415",
    "model_root": "../models/",
    "monitor": "{'AUC': 1, 'logloss': -1}",
    "monitor_mode": "max",
    "net_dropout": "0",
    "net_regularizer": "0",
    "num_workers": "3",
    "optimizer": "adam",
    "patience": "2",
    "pickle_feature_encoder": "True",
    "save_best_only": "True",
    "seed": "2019",
    "shuffle": "True",
    "task": "binary_classification",
    "train_data": "../data/train.csv",
    "use_hdf5": "True",
    "valid_data": "../data/valid.csv",
    "verbose": "1",
    "version": "pytorch"
}
2022-10-22 06:58:43,105 P7280 INFO Set up feature encoder...
2022-10-22 06:58:43,106 P7280 INFO Load feature_map from json: ../data/yelp_no_feature_3d3ae056/feature_map.json
2022-10-22 06:58:43,107 P7280 INFO Loading data...
2022-10-22 06:58:43,110 P7280 INFO Loading data from h5: ../data/yelp_no_feature_3d3ae056/train.h5
2022-10-22 06:58:43,226 P7280 INFO Loading data from h5: ../data/yelp_no_feature_3d3ae056/valid.h5
2022-10-22 06:58:43,264 P7280 INFO Train samples: total/684064, pos/472869, neg/211195, ratio/69.13%, blocks/1
2022-10-22 06:58:43,264 P7280 INFO Validation samples: total/171016, pos/118244, neg/52772, ratio/69.14%, blocks/1
2022-10-22 06:58:43,265 P7280 INFO Loading train data done.
2022-10-22 06:58:45,764 P7280 INFO Total number of parameters: 4161832.
2022-10-22 06:58:45,765 P7280 INFO Start training: 669 batches/epoch
2022-10-22 06:58:45,765 P7280 INFO ************ Epoch=1 start ************
2022-10-22 06:58:52,347 P7280 INFO [Metrics] logloss: 0.533254 - AUC: 0.743556
2022-10-22 06:58:52,347 P7280 INFO Save best model: monitor(max): 0.210301
2022-10-22 06:58:52,494 P7280 INFO --- 669/669 batches finished ---
2022-10-22 06:58:52,526 P7280 INFO Train loss: 0.551983
2022-10-22 06:58:52,526 P7280 INFO ************ Epoch=1 end ************
2022-10-22 06:58:58,159 P7280 INFO [Metrics] logloss: 0.565864 - AUC: 0.708482
2022-10-22 06:58:58,159 P7280 INFO Monitor(max) STOP: 0.142617 !
2022-10-22 06:58:58,160 P7280 INFO Reduce learning rate on plateau: 0.000100
2022-10-22 06:58:58,160 P7280 INFO --- 669/669 batches finished ---
2022-10-22 06:58:58,202 P7280 INFO Train loss: 0.428579
2022-10-22 06:58:58,203 P7280 INFO ************ Epoch=2 end ************
2022-10-22 06:59:03,752 P7280 INFO [Metrics] logloss: 0.659156 - AUC: 0.700531
2022-10-22 06:59:03,752 P7280 INFO Monitor(max) STOP: 0.041375 !
2022-10-22 06:59:03,752 P7280 INFO Reduce learning rate on plateau: 0.000010
2022-10-22 06:59:03,752 P7280 INFO Early stopping at epoch=3
2022-10-22 06:59:03,753 P7280 INFO --- 669/669 batches finished ---
2022-10-22 06:59:03,790 P7280 INFO Train loss: 0.371453
2022-10-22 06:59:03,791 P7280 INFO Training finished.
2022-10-22 06:59:03,791 P7280 INFO Load best model: /root/w210_proj/deepfm/models/yelp_no_feature_3d3ae056/DeepFM_yelp_no_feature_005_4e6db415.model
2022-10-22 06:59:03,810 P7280 INFO ****** Validation evaluation ******
2022-10-22 06:59:06,523 P7280 INFO [Metrics] logloss: 0.464105 - AUC: 0.835809
2022-10-22 06:59:07,337 P7280 INFO [Metrics] logloss: 0.533254 - AUC: 0.743556
2022-10-22 06:59:07,416 P7280 INFO ******** Test evaluation ********
2022-10-22 06:59:07,416 P7280 INFO Loading data...
2022-10-22 06:59:07,417 P7280 INFO Loading test data done.
