2022-10-22 06:56:23,123 P132 INFO {
    "batch_norm": "True",
    "batch_size": "1024",
    "data_format": "csv",
    "data_root": "../data/",
    "dataset_id": "yelp_no_feature_3d3ae056",
    "debug": "False",
    "embedding_dim": "16",
    "embedding_regularizer": "0",
    "epochs": "50",
    "every_x_epochs": "1",
    "feature_cols": "[{'active': True, 'dtype': 'str', 'name': ['user_id', 'business_id'], 'type': 'categorical'}]",
    "gpu": "0",
    "hidden_activations": "relu",
    "hidden_units": "[400, 400, 400]",
    "label_col": "{'dtype': 'float', 'name': 'target'}",
    "learning_rate": "0.001",
    "loss": "binary_crossentropy",
    "metrics": "['logloss', 'AUC']",
    "min_categr_count": "1",
    "model": "DeepFM",
    "model_id": "DeepFM_yelp_no_feature_001_c4d8d560",
    "model_root": "../models/",
    "monitor": "{'AUC': 1, 'logloss': -1}",
    "monitor_mode": "max",
    "net_dropout": "0",
    "net_regularizer": "0",
    "num_workers": "3",
    "optimizer": "adam",
    "patience": "2",
    "pickle_feature_encoder": "True",
    "save_best_only": "True",
    "seed": "2019",
    "shuffle": "True",
    "task": "binary_classification",
    "train_data": "../data/train.csv",
    "use_hdf5": "True",
    "valid_data": "../data/valid.csv",
    "verbose": "1",
    "version": "pytorch"
}
2022-10-22 06:56:23,126 P132 INFO Set up feature encoder...
2022-10-22 06:56:23,127 P132 INFO Reading file: ../data/train.csv
2022-10-22 06:56:32,147 P132 INFO Reading file: ../data/valid.csv
2022-10-22 06:56:33,481 P132 INFO Preprocess feature columns...
2022-10-22 06:56:33,632 P132 INFO Fit feature encoder...
2022-10-22 06:56:33,632 P132 INFO Processing column: {'active': True, 'dtype': 'str', 'name': 'user_id', 'type': 'categorical'}
2022-10-22 06:56:34,359 P132 INFO Processing column: {'active': True, 'dtype': 'str', 'name': 'business_id', 'type': 'categorical'}
2022-10-22 06:56:34,438 P132 INFO Set feature index...
2022-10-22 06:56:34,439 P132 INFO Pickle feature_encoder: ../data/yelp_no_feature_3d3ae056/feature_encoder.pkl
2022-10-22 06:56:34,619 P132 INFO Save feature_map to json: ../data/yelp_no_feature_3d3ae056/feature_map.json
2022-10-22 06:56:34,628 P132 INFO Set feature encoder done.
2022-10-22 06:56:34,628 P132 INFO Transform feature columns...
2022-10-22 06:56:35,127 P132 INFO Saving data to h5: ../data/yelp_no_feature_3d3ae056/train.h5
2022-10-22 06:56:35,326 P132 INFO Preprocess feature columns...
2022-10-22 06:56:35,364 P132 INFO Transform feature columns...
2022-10-22 06:56:35,486 P132 INFO Saving data to h5: ../data/yelp_no_feature_3d3ae056/valid.h5
2022-10-22 06:56:35,581 P132 INFO Transform csv data to h5 done.
2022-10-22 06:56:35,581 P132 INFO Loading data...
2022-10-22 06:56:35,588 P132 INFO Loading data from h5: ../data/yelp_no_feature_3d3ae056/train.h5
2022-10-22 06:56:35,680 P132 INFO Loading data from h5: ../data/yelp_no_feature_3d3ae056/valid.h5
2022-10-22 06:56:35,723 P132 INFO Train samples: total/684064, pos/472869, neg/211195, ratio/69.13%, blocks/1
2022-10-22 06:56:35,723 P132 INFO Validation samples: total/171016, pos/118244, neg/52772, ratio/69.14%, blocks/1
2022-10-22 06:56:35,723 P132 INFO Loading train data done.
2022-10-22 06:56:38,318 P132 INFO Total number of parameters: 4164232.
2022-10-22 06:56:38,318 P132 INFO Start training: 669 batches/epoch
2022-10-22 06:56:38,318 P132 INFO ************ Epoch=1 start ************
2022-10-22 06:56:46,978 P132 INFO [Metrics] logloss: 0.539504 - AUC: 0.735648
2022-10-22 06:56:46,978 P132 INFO Save best model: monitor(max): 0.196144
2022-10-22 06:56:47,117 P132 INFO --- 669/669 batches finished ---
2022-10-22 06:56:47,144 P132 INFO Train loss: 0.562533
2022-10-22 06:56:47,144 P132 INFO ************ Epoch=1 end ************
2022-10-22 06:56:53,618 P132 INFO [Metrics] logloss: 0.564318 - AUC: 0.720003
2022-10-22 06:56:53,619 P132 INFO Monitor(max) STOP: 0.155685 !
2022-10-22 06:56:53,619 P132 INFO Reduce learning rate on plateau: 0.000100
2022-10-22 06:56:53,619 P132 INFO --- 669/669 batches finished ---
2022-10-22 06:56:53,654 P132 INFO Train loss: 0.440240
2022-10-22 06:56:53,654 P132 INFO ************ Epoch=2 end ************
2022-10-22 06:57:00,115 P132 INFO [Metrics] logloss: 0.711996 - AUC: 0.702049
2022-10-22 06:57:00,116 P132 INFO Monitor(max) STOP: -0.009947 !
2022-10-22 06:57:00,116 P132 INFO Reduce learning rate on plateau: 0.000010
2022-10-22 06:57:00,116 P132 INFO Early stopping at epoch=3
2022-10-22 06:57:00,116 P132 INFO --- 669/669 batches finished ---
2022-10-22 06:57:00,152 P132 INFO Train loss: 0.268607
2022-10-22 06:57:00,152 P132 INFO Training finished.
2022-10-22 06:57:00,153 P132 INFO Load best model: /root/w210_proj/deepfm/models/yelp_no_feature_3d3ae056/DeepFM_yelp_no_feature_001_c4d8d560.model
2022-10-22 06:57:00,170 P132 INFO ****** Validation evaluation ******
2022-10-22 06:57:03,087 P132 INFO [Metrics] logloss: 0.462677 - AUC: 0.838497
2022-10-22 06:57:04,002 P132 INFO [Metrics] logloss: 0.539504 - AUC: 0.735648
2022-10-22 06:57:04,068 P132 INFO ******** Test evaluation ********
2022-10-22 06:57:04,068 P132 INFO Loading data...
2022-10-22 06:57:04,069 P132 INFO Loading test data done.
