2022-10-22 07:00:43,160 P14408 INFO {
    "batch_norm": "True",
    "batch_size": "1024",
    "data_format": "csv",
    "data_root": "../data/",
    "dataset_id": "yelp_no_feature_3d3ae056",
    "debug": "False",
    "embedding_dim": "16",
    "embedding_regularizer": "0.01",
    "epochs": "50",
    "every_x_epochs": "1",
    "feature_cols": "[{'active': True, 'dtype': 'str', 'name': ['user_id', 'business_id'], 'type': 'categorical'}]",
    "gpu": "0",
    "hidden_activations": "relu",
    "hidden_units": "[400, 400, 400]",
    "label_col": "{'dtype': 'float', 'name': 'target'}",
    "learning_rate": "0.001",
    "loss": "binary_crossentropy",
    "metrics": "['logloss', 'AUC']",
    "min_categr_count": "1",
    "model": "DeepFM",
    "model_id": "DeepFM_yelp_no_feature_009_819baa8d",
    "model_root": "../models/",
    "monitor": "{'AUC': 1, 'logloss': -1}",
    "monitor_mode": "max",
    "net_dropout": "0",
    "net_regularizer": "0",
    "num_workers": "3",
    "optimizer": "adam",
    "patience": "2",
    "pickle_feature_encoder": "True",
    "save_best_only": "True",
    "seed": "2019",
    "shuffle": "True",
    "task": "binary_classification",
    "train_data": "../data/train.csv",
    "use_hdf5": "True",
    "valid_data": "../data/valid.csv",
    "verbose": "1",
    "version": "pytorch"
}
2022-10-22 07:00:43,162 P14408 INFO Set up feature encoder...
2022-10-22 07:00:43,163 P14408 INFO Load feature_map from json: ../data/yelp_no_feature_3d3ae056/feature_map.json
2022-10-22 07:00:43,164 P14408 INFO Loading data...
2022-10-22 07:00:43,167 P14408 INFO Loading data from h5: ../data/yelp_no_feature_3d3ae056/train.h5
2022-10-22 07:00:43,259 P14408 INFO Loading data from h5: ../data/yelp_no_feature_3d3ae056/valid.h5
2022-10-22 07:00:43,294 P14408 INFO Train samples: total/684064, pos/472869, neg/211195, ratio/69.13%, blocks/1
2022-10-22 07:00:43,294 P14408 INFO Validation samples: total/171016, pos/118244, neg/52772, ratio/69.14%, blocks/1
2022-10-22 07:00:43,294 P14408 INFO Loading train data done.
2022-10-22 07:00:45,773 P14408 INFO Total number of parameters: 4164232.
2022-10-22 07:00:45,773 P14408 INFO Start training: 669 batches/epoch
2022-10-22 07:00:45,773 P14408 INFO ************ Epoch=1 start ************
2022-10-22 07:00:54,386 P14408 INFO [Metrics] logloss: 0.554982 - AUC: 0.712701
2022-10-22 07:00:54,386 P14408 INFO Save best model: monitor(max): 0.157719
2022-10-22 07:00:54,567 P14408 INFO --- 669/669 batches finished ---
2022-10-22 07:00:54,605 P14408 INFO Train loss: 0.709629
2022-10-22 07:00:54,605 P14408 INFO ************ Epoch=1 end ************
2022-10-22 07:01:01,743 P14408 INFO [Metrics] logloss: 0.552382 - AUC: 0.715255
2022-10-22 07:01:01,743 P14408 INFO Save best model: monitor(max): 0.162873
2022-10-22 07:01:01,909 P14408 INFO --- 669/669 batches finished ---
2022-10-22 07:01:01,960 P14408 INFO Train loss: 0.704030
2022-10-22 07:01:01,960 P14408 INFO ************ Epoch=2 end ************
2022-10-22 07:01:09,001 P14408 INFO [Metrics] logloss: 0.554426 - AUC: 0.714373
2022-10-22 07:01:09,001 P14408 INFO Monitor(max) STOP: 0.159947 !
2022-10-22 07:01:09,001 P14408 INFO Reduce learning rate on plateau: 0.000100
2022-10-22 07:01:09,001 P14408 INFO --- 669/669 batches finished ---
2022-10-22 07:01:09,046 P14408 INFO Train loss: 0.828506
2022-10-22 07:01:09,047 P14408 INFO ************ Epoch=3 end ************
2022-10-22 07:01:16,821 P14408 INFO [Metrics] logloss: 0.571153 - AUC: 0.723124
2022-10-22 07:01:16,822 P14408 INFO Monitor(max) STOP: 0.151971 !
2022-10-22 07:01:16,822 P14408 INFO Reduce learning rate on plateau: 0.000010
2022-10-22 07:01:16,822 P14408 INFO Early stopping at epoch=4
2022-10-22 07:01:16,822 P14408 INFO --- 669/669 batches finished ---
2022-10-22 07:01:16,869 P14408 INFO Train loss: 0.618631
2022-10-22 07:01:16,869 P14408 INFO Training finished.
2022-10-22 07:01:16,869 P14408 INFO Load best model: /root/w210_proj/deepfm/models/yelp_no_feature_3d3ae056/DeepFM_yelp_no_feature_009_819baa8d.model
2022-10-22 07:01:16,887 P14408 INFO ****** Validation evaluation ******
2022-10-22 07:01:19,739 P14408 INFO [Metrics] logloss: 0.518446 - AUC: 0.769852
2022-10-22 07:01:20,612 P14408 INFO [Metrics] logloss: 0.552382 - AUC: 0.715255
2022-10-22 07:01:20,676 P14408 INFO ******** Test evaluation ********
2022-10-22 07:01:20,676 P14408 INFO Loading data...
2022-10-22 07:01:20,677 P14408 INFO Loading test data done.
